Using pre-set license
Built from '2020.3/release' branch; Version is '2020.3.1f1 (77a89f25062f) revision 7841951'; Using compiler version '192528614'; Build Type 'Release'
OS: 'Windows 10 Home; OS build 19042.1415; Version 2009; 64bit' Language: 'en' Physical Memory: 16335 MB
BatchMode: 1, IsHumanControllingUs: 0, StartBugReporterOnCrash: 0, Is64bit: 1, IsPro: 0

 COMMAND LINE ARGUMENTS:
C:\Program Files\Unity\Hub\Editor\2020.3.1f1\Editor\Unity.exe
-adb2
-batchMode
-noUpm
-name
AssetImportWorker2
-projectPath
C:/Users/Owner/Desktop/fighting-master2
-logFile
Logs/AssetImportWorker2.log
-srvPort
53999
Successfully changed project path to: C:/Users/Owner/Desktop/fighting-master2
C:/Users/Owner/Desktop/fighting-master2
Using Asset Import Pipeline V2.
Refreshing native plugins compatible for Editor in 90.91 ms, found 1 plugins.
Preloading 0 native plugins for Editor in 0.00 ms.
Initialize engine version: 2020.3.1f1 (77a89f25062f)
[Subsystems] Discovering subsystems at path C:/Program Files/Unity/Hub/Editor/2020.3.1f1/Editor/Data/Resources/UnitySubsystems
[Subsystems] Discovering subsystems at path C:/Users/Owner/Desktop/fighting-master2/Assets
GfxDevice: creating device client; threaded=0
Direct3D:
    Version:  Direct3D 11.0 [level 11.1]
    Renderer: NVIDIA GeForce GTX 1060 6GB (ID=0x1c03)
    Vendor:   
    VRAM:     6052 MB
    Driver:   30.0.14.9729
Shader 'Universal Render Pipeline/Particles/Lit': fallback shader 'Universal Render Pipeline/Particles/SimpleLit' not found
Initialize mono
Mono path[0] = 'C:/Program Files/Unity/Hub/Editor/2020.3.1f1/Editor/Data/Managed'
Mono path[1] = 'C:/Program Files/Unity/Hub/Editor/2020.3.1f1/Editor/Data/MonoBleedingEdge/lib/mono/unityjit'
Mono config path = 'C:/Program Files/Unity/Hub/Editor/2020.3.1f1/Editor/Data/MonoBleedingEdge/etc'
Using monoOptions --debugger-agent=transport=dt_socket,embedding=1,server=y,suspend=n,address=127.0.0.1:56320
Begin MonoManager ReloadAssembly
Registering precompiled unity dll's ...
Register platform support module: C:/Program Files/Unity/Hub/Editor/2020.3.1f1/Editor/Data/PlaybackEngines/WindowsStandaloneSupport/UnityEditor.WindowsStandalone.Extensions.dll
Registered in 0.002824 seconds.
Native extension for WindowsStandalone target not found
Refreshing native plugins compatible for Editor in 92.53 ms, found 1 plugins.
Preloading 0 native plugins for Editor in 0.00 ms.
Invoked RoslynAnalysisRunner static constructor.
RoslynAnalysisRunner will not be running.
RoslynAnalysisRunner has terminated.
Mono: successfully reloaded assembly
- Completed reload, in  1.555 seconds
Platform modules already initialized, skipping
Registering precompiled user dll's ...
Registered in 0.006428 seconds.
Begin MonoManager ReloadAssembly
Native extension for WindowsStandalone target not found
Refreshing native plugins compatible for Editor in 96.39 ms, found 1 plugins.
Preloading 0 native plugins for Editor in 0.00 ms.
Invoked RoslynAnalysisRunner static constructor.
RoslynAnalysisRunner will not be running.
RoslynAnalysisRunner has terminated.
Mono: successfully reloaded assembly
- Completed reload, in  1.455 seconds
Platform modules already initialized, skipping
========================================================================
Worker process is ready to serve import requests
Shader 'Universal Render Pipeline/Particles/Lit': fallback shader 'Universal Render Pipeline/Particles/SimpleLit' not found
Launched and connected shader compiler UnityShaderCompiler.exe after 0.07 seconds
Refreshing native plugins compatible for Editor in 0.92 ms, found 1 plugins.
Preloading 0 native plugins for Editor in 0.00 ms.
Unloading 4227 Unused Serialized files (Serialized files now loaded: 0)
System memory in use before: 189.9 MB.
System memory in use after: 190.0 MB.

Unloading 33 unused Assets to reduce memory usage. Loaded Objects now: 4692.
Total: 3.251200 ms (FindLiveObjects: 0.497600 ms CreateObjectMapping: 0.111400 ms MarkObjects: 2.492500 ms  DeleteObjects: 0.148200 ms)

========================================================================
Received Import Request.
  path: Assets/Prefabs/NetworkPlayer.prefab
  artifactKey: Guid(3e563506a4f78344b84cb076e7ae1735) Importer(815301076,1909f56bfc062723c751e8b465ee728b)
Start importing Assets/Prefabs/NetworkPlayer.prefab using Guid(3e563506a4f78344b84cb076e7ae1735) Importer(815301076,1909f56bfc062723c751e8b465ee728b)  -> (artifact id: '43f4220f7f25335bde6e8db8fb6ed2a8') in 0.124611 seconds
  Import took 0.131953 seconds .

========================================================================
Received Prepare
Shader 'Universal Render Pipeline/Particles/Lit': fallback shader 'Universal Render Pipeline/Particles/SimpleLit' not found
Refreshing native plugins compatible for Editor in 4.93 ms, found 1 plugins.
Preloading 0 native plugins for Editor in 0.00 ms.
Unloading 18 Unused Serialized files (Serialized files now loaded: 0)
System memory in use before: 102.7 MB.
System memory in use after: 102.8 MB.

Unloading 18 unused Assets to reduce memory usage. Loaded Objects now: 4699.
Total: 3.971300 ms (FindLiveObjects: 0.442300 ms CreateObjectMapping: 0.118300 ms MarkObjects: 3.252200 ms  DeleteObjects: 0.157700 ms)

========================================================================
Received Prepare
Shader 'Universal Render Pipeline/Particles/Lit': fallback shader 'Universal Render Pipeline/Particles/SimpleLit' not found
Refreshing native plugins compatible for Editor in 4.96 ms, found 1 plugins.
Preloading 0 native plugins for Editor in 0.00 ms.
Unloading 18 Unused Serialized files (Serialized files now loaded: 0)
System memory in use before: 102.7 MB.
System memory in use after: 102.9 MB.

Unloading 18 unused Assets to reduce memory usage. Loaded Objects now: 4699.
Total: 4.865400 ms (FindLiveObjects: 0.804400 ms CreateObjectMapping: 0.326100 ms MarkObjects: 3.566800 ms  DeleteObjects: 0.160700 ms)

========================================================================
Received Prepare
Shader 'Universal Render Pipeline/Particles/Lit': fallback shader 'Universal Render Pipeline/Particles/SimpleLit' not found
Refreshing native plugins compatible for Editor in 5.50 ms, found 1 plugins.
Preloading 0 native plugins for Editor in 0.00 ms.
Unloading 18 Unused Serialized files (Serialized files now loaded: 0)
System memory in use before: 102.7 MB.
System memory in use after: 102.9 MB.

Unloading 18 unused Assets to reduce memory usage. Loaded Objects now: 4699.
Total: 4.038200 ms (FindLiveObjects: 0.474500 ms CreateObjectMapping: 0.109400 ms MarkObjects: 3.298100 ms  DeleteObjects: 0.154300 ms)

========================================================================
Received Prepare
Shader 'Universal Render Pipeline/Particles/Lit': fallback shader 'Universal Render Pipeline/Particles/SimpleLit' not found
Refreshing native plugins compatible for Editor in 4.84 ms, found 1 plugins.
Preloading 0 native plugins for Editor in 0.00 ms.
Unloading 18 Unused Serialized files (Serialized files now loaded: 0)
System memory in use before: 102.7 MB.
System memory in use after: 102.9 MB.

Unloading 18 unused Assets to reduce memory usage. Loaded Objects now: 4699.
Total: 4.301000 ms (FindLiveObjects: 0.432900 ms CreateObjectMapping: 0.115700 ms MarkObjects: 3.594100 ms  DeleteObjects: 0.157100 ms)

========================================================================
Received Prepare
Shader 'Universal Render Pipeline/Particles/Lit': fallback shader 'Universal Render Pipeline/Particles/SimpleLit' not found
Refreshing native plugins compatible for Editor in 5.17 ms, found 1 plugins.
Preloading 0 native plugins for Editor in 0.00 ms.
Unloading 18 Unused Serialized files (Serialized files now loaded: 0)
System memory in use before: 102.7 MB.
System memory in use after: 102.9 MB.

Unloading 18 unused Assets to reduce memory usage. Loaded Objects now: 4699.
Total: 4.629700 ms (FindLiveObjects: 0.485900 ms CreateObjectMapping: 0.124500 ms MarkObjects: 3.846400 ms  DeleteObjects: 0.171200 ms)

========================================================================
Received Prepare
Shader 'Universal Render Pipeline/Particles/Lit': fallback shader 'Universal Render Pipeline/Particles/SimpleLit' not found
Refreshing native plugins compatible for Editor in 4.87 ms, found 1 plugins.
Preloading 0 native plugins for Editor in 0.00 ms.
Unloading 18 Unused Serialized files (Serialized files now loaded: 0)
System memory in use before: 102.7 MB.
System memory in use after: 102.9 MB.

Unloading 18 unused Assets to reduce memory usage. Loaded Objects now: 4699.
Total: 4.325800 ms (FindLiveObjects: 0.485800 ms CreateObjectMapping: 0.123800 ms MarkObjects: 3.551200 ms  DeleteObjects: 0.163800 ms)

========================================================================
Received Prepare
Shader 'Universal Render Pipeline/Particles/Lit': fallback shader 'Universal Render Pipeline/Particles/SimpleLit' not found
Refreshing native plugins compatible for Editor in 5.01 ms, found 1 plugins.
Preloading 0 native plugins for Editor in 0.00 ms.
Unloading 18 Unused Serialized files (Serialized files now loaded: 0)
System memory in use before: 102.7 MB.
System memory in use after: 102.9 MB.

Unloading 18 unused Assets to reduce memory usage. Loaded Objects now: 4699.
Total: 5.243600 ms (FindLiveObjects: 0.740100 ms CreateObjectMapping: 0.159500 ms MarkObjects: 4.169400 ms  DeleteObjects: 0.173100 ms)

========================================================================
Received Prepare
Shader 'Universal Render Pipeline/Particles/Lit': fallback shader 'Universal Render Pipeline/Particles/SimpleLit' not found
Refreshing native plugins compatible for Editor in 4.84 ms, found 1 plugins.
Preloading 0 native plugins for Editor in 0.00 ms.
Unloading 18 Unused Serialized files (Serialized files now loaded: 0)
System memory in use before: 102.7 MB.
System memory in use after: 102.9 MB.

Unloading 18 unused Assets to reduce memory usage. Loaded Objects now: 4699.
Total: 4.200600 ms (FindLiveObjects: 0.541500 ms CreateObjectMapping: 0.126500 ms MarkObjects: 3.375600 ms  DeleteObjects: 0.156000 ms)

========================================================================
Received Prepare
Shader 'Universal Render Pipeline/Particles/Lit': fallback shader 'Universal Render Pipeline/Particles/SimpleLit' not found
Refreshing native plugins compatible for Editor in 4.83 ms, found 1 plugins.
Preloading 0 native plugins for Editor in 0.00 ms.
Unloading 18 Unused Serialized files (Serialized files now loaded: 0)
System memory in use before: 102.7 MB.
System memory in use after: 102.9 MB.

Unloading 18 unused Assets to reduce memory usage. Loaded Objects now: 4699.
Total: 4.860100 ms (FindLiveObjects: 0.621000 ms CreateObjectMapping: 0.132800 ms MarkObjects: 3.813400 ms  DeleteObjects: 0.291400 ms)

========================================================================
Received Import Request.
  Time since last request: 2264.747833 seconds.
  path: Assets/ScriptTemplates/50-Mirror__Network Manager-NewNetworkManager.cs.txt
  artifactKey: Guid(ed73cc79a95879d4abd948a36043c798) Importer(815301076,1909f56bfc062723c751e8b465ee728b)
Start importing Assets/ScriptTemplates/50-Mirror__Network Manager-NewNetworkManager.cs.txt using Guid(ed73cc79a95879d4abd948a36043c798) Importer(815301076,1909f56bfc062723c751e8b465ee728b)  -> (artifact id: 'ee51053e3ad7716aa52a266a05ee5f27') in 0.041598 seconds
  Import took 0.074828 seconds .

========================================================================
Received Import Request.
  Time since last request: 2.881262 seconds.
  path: Assets/ScriptTemplates/51-Mirror__Network Authenticator-NewNetworkAuthenticator.cs.txt
  artifactKey: Guid(12dc04aca2d89f744bef5a65622ba708) Importer(815301076,1909f56bfc062723c751e8b465ee728b)
Start importing Assets/ScriptTemplates/51-Mirror__Network Authenticator-NewNetworkAuthenticator.cs.txt using Guid(12dc04aca2d89f744bef5a65622ba708) Importer(815301076,1909f56bfc062723c751e8b465ee728b)  -> (artifact id: '5e20ec046ad4d29af4ce893c4fe94dcd') in 0.012422 seconds
  Import took 0.032747 seconds .

========================================================================
Received Import Request.
  Time since last request: 1.952565 seconds.
  path: Assets/ScriptTemplates/52-Mirror__Network Behaviour-NewNetworkBehaviour.cs.txt
  artifactKey: Guid(29b2ae9aeacc49b47b711838dd1876a4) Importer(815301076,1909f56bfc062723c751e8b465ee728b)
Start importing Assets/ScriptTemplates/52-Mirror__Network Behaviour-NewNetworkBehaviour.cs.txt using Guid(29b2ae9aeacc49b47b711838dd1876a4) Importer(815301076,1909f56bfc062723c751e8b465ee728b)  -> (artifact id: '71b62ffb65efb36c5407d0c1dc0567ac') in 0.011472 seconds
  Import took 0.018110 seconds .

========================================================================
Received Import Request.
  Time since last request: 1.378505 seconds.
  path: Assets/ScriptTemplates/53-Mirror__Custom Interest Management-CustomInterestManagement.cs.txt
  artifactKey: Guid(fc1892bf5b3ab304a9be7b71d05b6ae8) Importer(815301076,1909f56bfc062723c751e8b465ee728b)
Start importing Assets/ScriptTemplates/53-Mirror__Custom Interest Management-CustomInterestManagement.cs.txt using Guid(fc1892bf5b3ab304a9be7b71d05b6ae8) Importer(815301076,1909f56bfc062723c751e8b465ee728b)  -> (artifact id: '08651be6520a535c75bbdd44c4128a49') in 0.011472 seconds
  Import took 0.018953 seconds .

========================================================================
Received Import Request.
  Time since last request: 1.680230 seconds.
  path: Assets/ScriptTemplates/54-Mirror__Network Room Manager-NewNetworkRoomManager.cs.txt
  artifactKey: Guid(2e5656107e61a93439544b91e5f541f6) Importer(815301076,1909f56bfc062723c751e8b465ee728b)
Start importing Assets/ScriptTemplates/54-Mirror__Network Room Manager-NewNetworkRoomManager.cs.txt using Guid(2e5656107e61a93439544b91e5f541f6) Importer(815301076,1909f56bfc062723c751e8b465ee728b)  -> (artifact id: 'dfc79baefbeeff79d4d87f881f02916d') in 0.011629 seconds
  Import took 0.018849 seconds .

========================================================================
Received Import Request.
  Time since last request: 0.001250 seconds.
  path: Assets/ScriptTemplates/54-Mirror__Network Room Manager-NewNetworkRoomManager.cs.txt
  artifactKey: Guid(2e5656107e61a93439544b91e5f541f6) Importer(815301076,1909f56bfc062723c751e8b465ee728b)
Start importing Assets/ScriptTemplates/54-Mirror__Network Room Manager-NewNetworkRoomManager.cs.txt using Guid(2e5656107e61a93439544b91e5f541f6) Importer(815301076,1909f56bfc062723c751e8b465ee728b)  -> (artifact id: 'dfc79baefbeeff79d4d87f881f02916d') in 0.004308 seconds
  Import took 0.011121 seconds .

========================================================================
Received Import Request.
  Time since last request: 1.154694 seconds.
  path: Assets/ScriptTemplates/55-Mirror__Network Room Player-NewNetworkRoomPlayer.cs.txt
  artifactKey: Guid(1ca8a6309173d4248bc7fa0c6ae001e0) Importer(815301076,1909f56bfc062723c751e8b465ee728b)
Start importing Assets/ScriptTemplates/55-Mirror__Network Room Player-NewNetworkRoomPlayer.cs.txt using Guid(1ca8a6309173d4248bc7fa0c6ae001e0) Importer(815301076,1909f56bfc062723c751e8b465ee728b)  -> (artifact id: 'beb1e6e763ecf15aab9c2e3fc3f29774') in 0.009277 seconds
  Import took 0.025044 seconds .

========================================================================
Received Import Request.
  Time since last request: 16.898911 seconds.
  path: Assets/ScriptTemplates/56-Mirror__Network Discovery-NewNetworkDiscovery.cs.txt
  artifactKey: Guid(04337367db30af3459bf9e9f3f880734) Importer(815301076,1909f56bfc062723c751e8b465ee728b)
Start importing Assets/ScriptTemplates/56-Mirror__Network Discovery-NewNetworkDiscovery.cs.txt using Guid(04337367db30af3459bf9e9f3f880734) Importer(815301076,1909f56bfc062723c751e8b465ee728b)  -> (artifact id: 'd44ec67ee7eb3ab1370c5d5fc1e7aee8') in 0.009662 seconds
  Import took 0.035375 seconds .

========================================================================
Received Import Request.
  Time since last request: 1.682155 seconds.
  path: Assets/ScriptTemplates/57-Mirror__Network Transform-NewNetworkTransform.cs.txt
  artifactKey: Guid(38d41e2048919f64ea817eb343ffb09d) Importer(815301076,1909f56bfc062723c751e8b465ee728b)
Start importing Assets/ScriptTemplates/57-Mirror__Network Transform-NewNetworkTransform.cs.txt using Guid(38d41e2048919f64ea817eb343ffb09d) Importer(815301076,1909f56bfc062723c751e8b465ee728b)  -> (artifact id: '57742d2f84294537be5b41822b3a4138') in 0.008612 seconds
  Import took 0.015815 seconds .

========================================================================
Received Import Request.
  Time since last request: 0.000431 seconds.
  path: Assets/ScriptTemplates/57-Mirror__Network Transform-NewNetworkTransform.cs.txt
  artifactKey: Guid(38d41e2048919f64ea817eb343ffb09d) Importer(815301076,1909f56bfc062723c751e8b465ee728b)
Start importing Assets/ScriptTemplates/57-Mirror__Network Transform-NewNetworkTransform.cs.txt using Guid(38d41e2048919f64ea817eb343ffb09d) Importer(815301076,1909f56bfc062723c751e8b465ee728b)  -> (artifact id: '57742d2f84294537be5b41822b3a4138') in 0.005200 seconds
  Import took 0.012018 seconds .

========================================================================
Received Import Request.
  Time since last request: 25.497999 seconds.
  path: Assets/Mirror/Readme.txt
  artifactKey: Guid(f6d84e019c68446f28415a923b460a03) Importer(815301076,1909f56bfc062723c751e8b465ee728b)
Start importing Assets/Mirror/Readme.txt using Guid(f6d84e019c68446f28415a923b460a03) Importer(815301076,1909f56bfc062723c751e8b465ee728b)  -> (artifact id: 'f98b4ee4e3250c23a5a4e700a1d7fdd7') in 0.009736 seconds
  Import took 0.036488 seconds .

========================================================================
Received Prepare
Registering precompiled user dll's ...
Registered in 0.020442 seconds.
Begin MonoManager ReloadAssembly
Native extension for WindowsStandalone target not found
Refreshing native plugins compatible for Editor in 0.93 ms, found 1 plugins.
Preloading 0 native plugins for Editor in 0.00 ms.
Invoked RoslynAnalysisRunner static constructor.
RoslynAnalysisRunner will not be running.
RoslynAnalysisRunner has terminated.
Mono: successfully reloaded assembly
- Completed reload, in  1.458 seconds
Platform modules already initialized, skipping
Shader 'Universal Render Pipeline/Particles/Lit': fallback shader 'Universal Render Pipeline/Particles/SimpleLit' not found
Refreshing native plugins compatible for Editor in 0.96 ms, found 1 plugins.
Preloading 0 native plugins for Editor in 0.00 ms.
Unloading 4107 Unused Serialized files (Serialized files now loaded: 0)
System memory in use before: 183.9 MB.
System memory in use after: 184.0 MB.

Unloading 20 unused Assets to reduce memory usage. Loaded Objects now: 4703.
Total: 3.424800 ms (FindLiveObjects: 0.465400 ms CreateObjectMapping: 0.115600 ms MarkObjects: 2.684200 ms  DeleteObjects: 0.158200 ms)

========================================================================
Received Prepare
Shader 'Universal Render Pipeline/Particles/Lit': fallback shader 'Universal Render Pipeline/Particles/SimpleLit' not found
Refreshing native plugins compatible for Editor in 4.92 ms, found 1 plugins.
Preloading 0 native plugins for Editor in 0.00 ms.
Unloading 18 Unused Serialized files (Serialized files now loaded: 0)
System memory in use before: 102.9 MB.
System memory in use after: 103.0 MB.

Unloading 18 unused Assets to reduce memory usage. Loaded Objects now: 4703.
Total: 3.571200 ms (FindLiveObjects: 0.498200 ms CreateObjectMapping: 0.117500 ms MarkObjects: 2.788900 ms  DeleteObjects: 0.165700 ms)

========================================================================
Received Import Request.
  Time since last request: 333.284142 seconds.
  path: Assets/Mirror/Examples/AdditiveLevels
  artifactKey: Guid(c2da9e7acc6ad1648b0ff0849ef4c283) Importer(815301076,1909f56bfc062723c751e8b465ee728b)
Start importing Assets/Mirror/Examples/AdditiveLevels using Guid(c2da9e7acc6ad1648b0ff0849ef4c283) Importer(815301076,1909f56bfc062723c751e8b465ee728b)  -> (artifact id: 'bfdf0b8b1c5f8222828e910b15a5b840') in 0.024188 seconds
  Import took 0.031342 seconds .

========================================================================
Received Import Request.
  Time since last request: 0.999556 seconds.
  path: Assets/Mirror/Examples/AdditiveScenes
  artifactKey: Guid(b84b2a39b3027c747b21ad714a439214) Importer(815301076,1909f56bfc062723c751e8b465ee728b)
Start importing Assets/Mirror/Examples/AdditiveScenes using Guid(b84b2a39b3027c747b21ad714a439214) Importer(815301076,1909f56bfc062723c751e8b465ee728b)  -> (artifact id: 'c26b67d19b74ad48d8e73b7227503699') in 0.026850 seconds
  Import took 0.055171 seconds .

========================================================================
Received Import Request.
  Time since last request: 0.819880 seconds.
  path: Assets/Mirror/Examples/Basic
  artifactKey: Guid(0ea49fcefbc864e19a94091a170fc06c) Importer(815301076,1909f56bfc062723c751e8b465ee728b)
Start importing Assets/Mirror/Examples/Basic using Guid(0ea49fcefbc864e19a94091a170fc06c) Importer(815301076,1909f56bfc062723c751e8b465ee728b)  -> (artifact id: '577015dfbfdbfd870cb89b1f6cf806b5') in 0.008412 seconds
  Import took 0.014761 seconds .

========================================================================
Received Import Request.
  Time since last request: 0.796878 seconds.
  path: Assets/Mirror/Examples/Benchmark
  artifactKey: Guid(1a0b6db5b77ec4177a6e47b68ea7d064) Importer(815301076,1909f56bfc062723c751e8b465ee728b)
Start importing Assets/Mirror/Examples/Benchmark using Guid(1a0b6db5b77ec4177a6e47b68ea7d064) Importer(815301076,1909f56bfc062723c751e8b465ee728b)  -> (artifact id: '3b42b7c37b6212211ad1a9f85534690a') in 0.009296 seconds
  Import took 0.015992 seconds .

========================================================================
Received Import Request.
  Time since last request: 1.058458 seconds.
  path: Assets/Mirror/Examples/Chat
  artifactKey: Guid(92165d23a248449f58d0be75d794a127) Importer(815301076,1909f56bfc062723c751e8b465ee728b)
Start importing Assets/Mirror/Examples/Chat using Guid(92165d23a248449f58d0be75d794a127) Importer(815301076,1909f56bfc062723c751e8b465ee728b)  -> (artifact id: '66ed03c89bdb81fef9580ff3bc5153c2') in 0.008960 seconds
  Import took 0.015523 seconds .

========================================================================
Received Import Request.
  Time since last request: 0.934194 seconds.
  path: Assets/Mirror/Examples/Discovery
  artifactKey: Guid(450d6133608b04c57a6ebd6830d455fd) Importer(815301076,1909f56bfc062723c751e8b465ee728b)
Start importing Assets/Mirror/Examples/Discovery using Guid(450d6133608b04c57a6ebd6830d455fd) Importer(815301076,1909f56bfc062723c751e8b465ee728b)  -> (artifact id: '86df47da7c53b45c8ec967dc67f5a075') in 0.009549 seconds
  Import took 0.016065 seconds .

========================================================================
Received Import Request.
  Time since last request: 1.055650 seconds.
  path: Assets/Mirror/Examples/MultipleAdditiveScenes
  artifactKey: Guid(792b2d05e371c3c47ac7c4b1fa0dbfe2) Importer(815301076,1909f56bfc062723c751e8b465ee728b)
Start importing Assets/Mirror/Examples/MultipleAdditiveScenes using Guid(792b2d05e371c3c47ac7c4b1fa0dbfe2) Importer(815301076,1909f56bfc062723c751e8b465ee728b)  -> (artifact id: 'e9ec3e9c124dd26fed0d7706932f0097') in 0.008296 seconds
  Import took 0.028207 seconds .

========================================================================
Received Import Request.
  Time since last request: 1.870319 seconds.
  path: Assets/Mirror/Examples/MultipleMatches
  artifactKey: Guid(8e1be7be6da8e2448ba40eba0daa44b9) Importer(815301076,1909f56bfc062723c751e8b465ee728b)
Start importing Assets/Mirror/Examples/MultipleMatches using Guid(8e1be7be6da8e2448ba40eba0daa44b9) Importer(815301076,1909f56bfc062723c751e8b465ee728b)  -> (artifact id: '2875710d5d68ef120a7f5d88dc317249') in 0.009742 seconds
  Import took 0.024113 seconds .

========================================================================
Received Import Request.
  Time since last request: 1.644645 seconds.
  path: Assets/Mirror/Examples/Pong
  artifactKey: Guid(2220cb06641bd40be8c8330b3b4dd0ee) Importer(815301076,1909f56bfc062723c751e8b465ee728b)
Start importing Assets/Mirror/Examples/Pong using Guid(2220cb06641bd40be8c8330b3b4dd0ee) Importer(815301076,1909f56bfc062723c751e8b465ee728b)  -> (artifact id: 'e4167577a239097c192762bbd37d6ef6') in 0.009483 seconds
  Import took 0.015852 seconds .

========================================================================
Received Import Request.
  Time since last request: 0.695223 seconds.
  path: Assets/Mirror/Examples/RigidbodyPhysics
  artifactKey: Guid(703869fabc2e0e241962909920029b0b) Importer(815301076,1909f56bfc062723c751e8b465ee728b)
Start importing Assets/Mirror/Examples/RigidbodyPhysics using Guid(703869fabc2e0e241962909920029b0b) Importer(815301076,1909f56bfc062723c751e8b465ee728b)  -> (artifact id: '3f678e02ec5348a328b2b77c9e378327') in 0.008691 seconds
  Import took 0.029830 seconds .

========================================================================
Received Import Request.
  Time since last request: 1.618343 seconds.
  path: Assets/Mirror/Examples/Room
  artifactKey: Guid(ba0822b68f209a743bc575c6f2cc78f0) Importer(815301076,1909f56bfc062723c751e8b465ee728b)
Start importing Assets/Mirror/Examples/Room using Guid(ba0822b68f209a743bc575c6f2cc78f0) Importer(815301076,1909f56bfc062723c751e8b465ee728b)  -> (artifact id: 'aa5b3c1322365d554839510ba8349cc1') in 0.008531 seconds
  Import took 0.019699 seconds .

========================================================================
Received Import Request.
  Time since last request: 2.047488 seconds.
  path: Assets/Mirror/Examples/Tanks
  artifactKey: Guid(a6dc5104926d44c9296aec7699989ac3) Importer(815301076,1909f56bfc062723c751e8b465ee728b)
Start importing Assets/Mirror/Examples/Tanks using Guid(a6dc5104926d44c9296aec7699989ac3) Importer(815301076,1909f56bfc062723c751e8b465ee728b)  -> (artifact id: '8e50d482317e02ece9dd5cf4e4c83483') in 0.008706 seconds
  Import took 0.033622 seconds .

========================================================================
Received Prepare
Registering precompiled user dll's ...
Registered in 0.005494 seconds.
Begin MonoManager ReloadAssembly
Native extension for WindowsStandalone target not found
Refreshing native plugins compatible for Editor in 1.01 ms, found 1 plugins.
Preloading 0 native plugins for Editor in 0.00 ms.
Invoked RoslynAnalysisRunner static constructor.
RoslynAnalysisRunner will not be running.
RoslynAnalysisRunner has terminated.
Mono: successfully reloaded assembly
- Completed reload, in  1.222 seconds
Platform modules already initialized, skipping
Shader 'Universal Render Pipeline/Particles/Lit': fallback shader 'Universal Render Pipeline/Particles/SimpleLit' not found
Refreshing native plugins compatible for Editor in 0.95 ms, found 1 plugins.
Preloading 0 native plugins for Editor in 0.00 ms.
Unloading 4107 Unused Serialized files (Serialized files now loaded: 0)
System memory in use before: 184.0 MB.
System memory in use after: 184.1 MB.

Unloading 20 unused Assets to reduce memory usage. Loaded Objects now: 4707.
Total: 3.370200 ms (FindLiveObjects: 0.505800 ms CreateObjectMapping: 0.111900 ms MarkObjects: 2.595300 ms  DeleteObjects: 0.156100 ms)

========================================================================
Received Prepare
Shader 'Universal Render Pipeline/Particles/Lit': fallback shader 'Universal Render Pipeline/Particles/SimpleLit' not found
Refreshing native plugins compatible for Editor in 4.99 ms, found 1 plugins.
Preloading 0 native plugins for Editor in 0.00 ms.
Unloading 18 Unused Serialized files (Serialized files now loaded: 0)
System memory in use before: 103.0 MB.
System memory in use after: 103.1 MB.

Unloading 18 unused Assets to reduce memory usage. Loaded Objects now: 4707.
Total: 3.419800 ms (FindLiveObjects: 0.435600 ms CreateObjectMapping: 0.108600 ms MarkObjects: 2.714800 ms  DeleteObjects: 0.159700 ms)

========================================================================
Received Prepare
Registering precompiled user dll's ...
Registered in 0.006156 seconds.
Begin MonoManager ReloadAssembly
Native extension for WindowsStandalone target not found
Refreshing native plugins compatible for Editor in 0.94 ms, found 1 plugins.
Preloading 0 native plugins for Editor in 0.00 ms.
Invoked RoslynAnalysisRunner static constructor.
RoslynAnalysisRunner will not be running.
RoslynAnalysisRunner has terminated.
Mono: successfully reloaded assembly
- Completed reload, in  1.197 seconds
Platform modules already initialized, skipping
Shader 'Universal Render Pipeline/Particles/Lit': fallback shader 'Universal Render Pipeline/Particles/SimpleLit' not found
Refreshing native plugins compatible for Editor in 0.91 ms, found 1 plugins.
Preloading 0 native plugins for Editor in 0.00 ms.
Unloading 4107 Unused Serialized files (Serialized files now loaded: 0)
System memory in use before: 184.0 MB.
System memory in use after: 184.1 MB.

Unloading 20 unused Assets to reduce memory usage. Loaded Objects now: 4711.
Total: 4.400500 ms (FindLiveObjects: 0.508900 ms CreateObjectMapping: 0.113600 ms MarkObjects: 3.615700 ms  DeleteObjects: 0.161100 ms)

AssetImportWorkerClient::OnTransportError - code=2 error=End of file
